<?xml version="1.0" encoding="UTF-8"?>
<!-- Generated by org.testng.reporters.JUnitXMLReporter -->
<testsuite ignored="10" hostname="MacBook-Air-Leonid.local" failures="1" tests="5" name="Surefire test" time="21.671" errors="0" timestamp="2025-04-02T11:44:08 MSK">
  <testcase classname="test.tetsLayer.AppleTest" name="nameTest" time="6.977"/>
  <testcase classname="test.tetsLayer.AppleTest" name="nameTest" time="1.921"/>
  <testcase classname="test.tetsLayer.AppleTest" name="nameTest" time="1.936"/>
  <testcase classname="test.tetsLayer.AuthorizationTest" name="authorization" time="5.209">
    <failure type="org.openqa.selenium.WebDriverException" message="unknown error: net::ERR_NAME_NOT_RESOLVED
  (Session info: chrome=134.0.6998.166)
Build info: version: &amp;apos;4.27.0&amp;apos;, revision: &amp;apos;d6e718d134&amp;apos;
System info: os.name: &amp;apos;Mac OS X&amp;apos;, os.arch: &amp;apos;aarch64&amp;apos;, os.version: &amp;apos;14.5&amp;apos;, java.version: &amp;apos;17.0.14&amp;apos;
Driver info: org.openqa.selenium.chrome.ChromeDriver
Command: [23186c63c9e6f028ff46d50d87cb7173, get {url=https://school-dev.mos.ru/}]
Capabilities {acceptInsecureCerts: false, browserName: chrome, browserVersion: 134.0.6998.166, chrome: {chromedriverVersion: 134.0.6998.165 (fd886e2cb29..., userDataDir: /var/folders/cz/rpxs3qcx3pb...}, fedcm:accounts: true, goog:chromeOptions: {debuggerAddress: localhost:52868}, networkConnectionEnabled: false, pageLoadStrategy: normal, platformName: mac, proxy: Proxy(), se:cdp: ws://localhost:52868/devtoo..., se:cdpVersion: 134.0.6998.166, setWindowRect: true, strictFileInteractability: false, timeouts: {implicit: 0, pageLoad: 300000, script: 30000}, unhandledPromptBehavior: dismiss and notify, webauthn:extension:credBlob: true, webauthn:extension:largeBlob: true, webauthn:extension:minPinLength: true, webauthn:extension:prf: true, webauthn:virtualAuthenticators: true}
Session ID: 23186c63c9e6f028ff46d50d87cb7173">
      <![CDATA[org.openqa.selenium.WebDriverException: unknown error: net::ERR_NAME_NOT_RESOLVED
  (Session info: chrome=134.0.6998.166)
Build info: version: '4.27.0', revision: 'd6e718d134'
System info: os.name: 'Mac OS X', os.arch: 'aarch64', os.version: '14.5', java.version: '17.0.14'
Driver info: org.openqa.selenium.chrome.ChromeDriver
Command: [23186c63c9e6f028ff46d50d87cb7173, get {url=https://school-dev.mos.ru/}]
Capabilities {acceptInsecureCerts: false, browserName: chrome, browserVersion: 134.0.6998.166, chrome: {chromedriverVersion: 134.0.6998.165 (fd886e2cb29..., userDataDir: /var/folders/cz/rpxs3qcx3pb...}, fedcm:accounts: true, goog:chromeOptions: {debuggerAddress: localhost:52868}, networkConnectionEnabled: false, pageLoadStrategy: normal, platformName: mac, proxy: Proxy(), se:cdp: ws://localhost:52868/devtoo..., se:cdpVersion: 134.0.6998.166, setWindowRect: true, strictFileInteractability: false, timeouts: {implicit: 0, pageLoad: 300000, script: 30000}, unhandledPromptBehavior: dismiss and notify, webauthn:extension:credBlob: true, webauthn:extension:largeBlob: true, webauthn:extension:minPinLength: true, webauthn:extension:prf: true, webauthn:virtualAuthenticators: true}
Session ID: 23186c63c9e6f028ff46d50d87cb7173
at org.openqa.selenium.remote.ErrorCodec.decode(ErrorCodec.java:167)
at org.openqa.selenium.remote.codec.w3c.W3CHttpResponseCodec.decode(W3CHttpResponseCodec.java:138)
at org.openqa.selenium.remote.codec.w3c.W3CHttpResponseCodec.decode(W3CHttpResponseCodec.java:50)
at org.openqa.selenium.remote.HttpCommandExecutor.execute(HttpCommandExecutor.java:190)
at org.openqa.selenium.remote.service.DriverCommandExecutor.invokeExecute(DriverCommandExecutor.java:216)
at org.openqa.selenium.remote.service.DriverCommandExecutor.execute(DriverCommandExecutor.java:174)
at org.openqa.selenium.remote.RemoteWebDriver.execute(RemoteWebDriver.java:545)
at org.openqa.selenium.remote.RemoteWebDriver.get(RemoteWebDriver.java:313)
at test.coreLayer.Driver.openPage(Driver.java:36)
at test.Pages.Login.getLoginPage(Login.java:21)
at test.tetsLayer.AuthorizationTest.authorization(AuthorizationTest.java:16)
at java.base/java.util.ArrayList.forEach(ArrayList.java:1511)
... Removed 37 stack frames]]>
    </failure>
  </testcase> <!-- authorization -->
  <testcase classname="test.tetsLayer.AuthorizationTest" name="inputCred" time="0.0">
    <skipped/>
  </testcase> <!-- inputCred -->
  <testcase classname="test.tetsLayer.BaseTest" name="@BeforeTest before" time="0.0">
    <ignored/>
  </testcase> <!-- @BeforeTest before -->
  <testcase classname="test.tetsLayer.BaseTest" name="@BeforeTest before" time="0.0">
    <ignored/>
  </testcase> <!-- @BeforeTest before -->
  <testcase classname="test.tetsLayer.BaseTest" name="@AfterTest after" time="0.0">
    <ignored/>
  </testcase> <!-- @AfterTest after -->
  <testcase classname="test.tetsLayer.BaseTest" name="@BeforeTest before" time="0.0">
    <ignored/>
  </testcase> <!-- @BeforeTest before -->
  <testcase classname="test.tetsLayer.BaseTest" name="@BeforeTest before" time="0.0">
    <ignored/>
  </testcase> <!-- @BeforeTest before -->
  <testcase classname="test.tetsLayer.BaseTest" name="@AfterTest after" time="0.0">
    <ignored/>
  </testcase> <!-- @AfterTest after -->
  <testcase classname="test.tetsLayer.BaseTest" name="@AfterTest after" time="0.0">
    <ignored/>
  </testcase> <!-- @AfterTest after -->
  <testcase classname="test.tetsLayer.BaseTest" name="@AfterTest after" time="0.0">
    <ignored/>
  </testcase> <!-- @AfterTest after -->
  <testcase classname="test.tetsLayer.BaseTest" name="@AfterTest after" time="0.0">
    <ignored/>
  </testcase> <!-- @AfterTest after -->
  <testcase classname="test.tetsLayer.BaseTest" name="@BeforeTest before" time="0.0">
    <ignored/>
  </testcase> <!-- @BeforeTest before -->
</testsuite> <!-- Surefire test -->
