<?xml version="1.0" encoding="UTF-8"?>
<testng-results ignored="0" total="1" passed="1" failed="0" skipped="0">
  <reporter-output>
  </reporter-output>
  <suite started-at="2025-07-08T16:10:49 MSK" name="All Test Suite" finished-at="2025-07-08T16:11:03 MSK" duration-ms="14295">
    <groups>
    </groups>
    <test started-at="2025-07-08T16:10:49 MSK" name="/Users/leonidneganov/Downloads/AutomationSelenium/src/test/java/test/tetsLayer/AppleTest.java" finished-at="2025-07-08T16:11:03 MSK" duration-ms="14295">
      <class name="test.tetsLayer.AppleTest">
        <test-method is-config="true" signature="before()[pri:0, instance:test.tetsLayer.AppleTest@18df8434]" started-at="2025-07-08T16:10:49 MSK" name="before" finished-at="2025-07-08T16:10:55 MSK" duration-ms="6668" status="PASS">
          <reporter-output>
          </reporter-output>
        </test-method> <!-- before -->
        <test-method signature="nameTest(java.lang.String)[pri:0, instance:test.tetsLayer.AppleTest@18df8434]" started-at="2025-07-08T16:10:55 MSK" name="nameTest" data-provider="data-provider" finished-at="2025-07-08T16:11:03 MSK" duration-ms="7450" status="PASS">
          <params>
            <param index="0">
              <value>
                <![CDATA[Buy iPhone 16 and iPhone 16 Plus - Apple]]>
              </value>
            </param>
          </params>
          <reporter-output>
          </reporter-output>
        </test-method> <!-- nameTest -->
        <test-method is-config="true" signature="after()[pri:0, instance:test.tetsLayer.AppleTest@18df8434]" started-at="2025-07-08T16:11:03 MSK" name="after" finished-at="2025-07-08T16:11:03 MSK" duration-ms="108" status="PASS">
          <reporter-output>
          </reporter-output>
        </test-method> <!-- after -->
      </class> <!-- test.tetsLayer.AppleTest -->
    </test> <!-- /Users/leonidneganov/Downloads/AutomationSelenium/src/test/java/test/tetsLayer/AppleTest.java -->
  </suite> <!-- All Test Suite -->
</testng-results>
